<?xml version="1.0" encoding="UTF-8"?>
<!-- Generated by org.testng.reporters.JUnitXMLReporter -->
<testsuite hostname="G5-PC" name="chromeTest" tests="6" failures="0" timestamp="22 Sep 2017 06:24:26 GMT" time="169.535" errors="0">
  <testcase name="testWidget" time="25.245" classname="com.immply.mainclass.FacebookShare"/>
  <testcase name="testFBLoginPage" time="11.798" classname="com.immply.mainclass.FacebookShare"/>
  <testcase name="testFBShareWindow" time="31.218" classname="com.immply.mainclass.FacebookShare"/>
  <testcase name="TweetShare" time="20.967" classname="com.immply.mainclass.TwitterShare"/>
  <testcase name="TweetLoginPage" time="46.748" classname="com.immply.mainclass.TwitterShare"/>
  <testcase name="testEmailShare" time="15.807" classname="com.immply.mainclass.EmailShare"/>
</testsuite> <!-- chromeTest -->
